e:\visual projects\supramayro\supramayro\debug\vc142.pdb
e:\visual projects\supramayro\supramayro\debug\vc142.idb
e:\visual projects\supramayro\supramayro\debug\hud.obj
e:\visual projects\supramayro\supramayro\debug\grid.obj
e:\visual projects\supramayro\supramayro\debug\goomba.obj
e:\visual projects\supramayro\supramayro\debug\goldblock.obj
e:\visual projects\supramayro\supramayro\debug\gameover.obj
e:\visual projects\supramayro\supramayro\debug\gameobject.obj
e:\visual projects\supramayro\supramayro\debug\game.obj
e:\visual projects\supramayro\supramayro\debug\fireball.obj
e:\visual projects\supramayro\supramayro\debug\curtain.obj
e:\visual projects\supramayro\supramayro\debug\coinblock.obj
e:\visual projects\supramayro\supramayro\debug\coin.obj
e:\visual projects\supramayro\supramayro\debug\cloud.obj
e:\visual projects\supramayro\supramayro\debug\boomerangbro.obj
e:\visual projects\supramayro\supramayro\debug\boomerang.obj
e:\visual projects\supramayro\supramayro\debug\block.obj
e:\visual projects\supramayro\supramayro\debug\backgroundplatform.obj
e:\visual projects\supramayro\supramayro\debug\backgroundobjectrect.obj
e:\visual projects\supramayro\supramayro\debug\backgroundobjectheight.obj
e:\visual projects\supramayro\supramayro\debug\backgroundobject.obj
e:\visual projects\supramayro\supramayro\debug\animations.obj
e:\visual projects\supramayro\supramayro\debug\tail.obj
e:\visual projects\supramayro\supramayro\debug\sprites.obj
e:\visual projects\supramayro\supramayro\debug\shrub.obj
e:\visual projects\supramayro\supramayro\debug\scene.obj
e:\visual projects\supramayro\supramayro\debug\roulette.obj
e:\visual projects\supramayro\supramayro\debug\pswitch.obj
e:\visual projects\supramayro\supramayro\debug\powerup.obj
e:\visual projects\supramayro\supramayro\debug\powerblock.obj
e:\visual projects\supramayro\supramayro\debug\portal.obj
e:\visual projects\supramayro\supramayro\debug\playscene.obj
e:\visual projects\supramayro\supramayro\debug\piranhaplant.obj
e:\visual projects\supramayro\supramayro\debug\pipe.obj
e:\visual projects\supramayro\supramayro\debug\mario.obj
e:\visual projects\supramayro\supramayro\debug\mapscene.obj
e:\visual projects\supramayro\supramayro\debug\mapmario.obj
e:\visual projects\supramayro\supramayro\debug\maplevelblock.obj
e:\visual projects\supramayro\supramayro\debug\main.obj
e:\visual projects\supramayro\supramayro\debug\lift.obj
e:\visual projects\supramayro\supramayro\debug\koopa.obj
e:\visual projects\supramayro\supramayro\debug\introscene.obj
e:\visual projects\supramayro\supramayro\debug\woodplatform.obj
e:\visual projects\supramayro\supramayro\debug\utility.obj
e:\visual projects\supramayro\supramayro\debug\titlecursor.obj
e:\visual projects\supramayro\supramayro\debug\textures.obj
e:\visual projects\supramayro\debug\supramayro.exe
e:\visual projects\supramayro\debug\supramayro.ilk
e:\visual projects\supramayro\debug\supramayro.pdb
e:\visual projects\supramayro\supramayro\debug\supramayro.tlog\cl.command.1.tlog
e:\visual projects\supramayro\supramayro\debug\supramayro.tlog\cl.read.1.tlog
e:\visual projects\supramayro\supramayro\debug\supramayro.tlog\cl.write.1.tlog
e:\visual projects\supramayro\supramayro\debug\supramayro.tlog\link.command.1.tlog
e:\visual projects\supramayro\supramayro\debug\supramayro.tlog\link.read.1.tlog
e:\visual projects\supramayro\supramayro\debug\supramayro.tlog\link.write.1.tlog
