  Boomerang.cpp
  BoomerangBro.cpp
  Coin.cpp
  CoinBlock.cpp
  Fireball.cpp
  Game.cpp
  Goomba.cpp
  Grid.cpp
  HUD.cpp
  IntroScene.cpp
  Koopa.cpp
  Lift.cpp
  MapScene.cpp
  Mario.cpp
  PSwitch.cpp
  PiranhaPlant.cpp
  PlayScene.cpp
  PowerBlock.cpp
  PowerUp.cpp
  Roulette.cpp
  Generating Code...
  Compiling...
  Tail.cpp
  main.cpp
  Generating Code...
  LINK : E:\Visual Projects\SupraMayro\Debug\SupraMayro.exe not found or not built by the last incremental link; performing full link
  SupraMayro.vcxproj -> E:\Visual Projects\SupraMayro\Debug\SupraMayro.exe
